<?xml version="1.0" encoding="UTF-8" ?>
<testsuite errors="0" failures="1" hostname="mtilsner-laptop" name="AngleDistanceAlgorithmTests" tests="3" time="1.247" timestamp="2009-04-18T15:06:38">
  <properties />
  <testcase classname="AngleDistanceAlgorithmTests" name="testNullAngle" time="0.85">
    <failure message="expected:&lt;0.0&gt; but was:&lt;2.1073424255447017E-8&gt;" type="junit.framework.AssertionFailedError">junit.framework.AssertionFailedError: expected:&lt;0.0&gt; but was:&lt;2.1073424255447017E-8&gt;
	at AngleDistanceAlgorithmTests.testNullAngle(AngleDistanceAlgorithmTests.groovy:28)
	at _GrailsTest_groovy$_run_closure4.doCall(_GrailsTest_groovy:202)
	at _GrailsTest_groovy$_run_closure2.doCall(_GrailsTest_groovy:146)
	at _GrailsTest_groovy$_run_closure1_closure19.doCall(_GrailsTest_groovy:112)
	at _GrailsTest_groovy$_run_closure1.doCall(_GrailsTest_groovy:95)
	at TestApp$_run_closure1.doCall(TestApp.groovy:66)
	at gant.Gant$_dispatch_closure4.doCall(Gant.groovy:324)
	at gant.Gant$_dispatch_closure6.doCall(Gant.groovy:334)
	at gant.Gant$_dispatch_closure6.doCall(Gant.groovy)
	at gant.Gant.withBuildListeners(Gant.groovy:344)
	at gant.Gant.this$2$withBuildListeners(Gant.groovy)
	at gant.Gant$this$2$withBuildListeners.callCurrent(Unknown Source)
	at gant.Gant.dispatch(Gant.groovy:334)
	at gant.Gant.this$2$dispatch(Gant.groovy)
	at gant.Gant.invokeMethod(Gant.groovy)
	at gant.Gant.processTargets(Gant.groovy:495)
	at gant.Gant.processTargets(Gant.groovy:480)
</failure>
  </testcase>
  <testcase classname="AngleDistanceAlgorithmTests" name="testRightAngle" time="0.228" />
  <testcase classname="AngleDistanceAlgorithmTests" name="testEqualAngles" time="0.169" />
  <system-out><![CDATA[--Output from testNullAngle--
--Output from testRightAngle--
--Output from testEqualAngles--
]]></system-out>
  <system-err><![CDATA[--Output from testNullAngle--
--Output from testRightAngle--
--Output from testEqualAngles--
]]></system-err>
</testsuite>
