<?xml version="1.0" encoding="UTF-8" ?>
<testsuite errors="0" failures="0" hostname="mtilsner-laptop" name="CubanSeaTagLibTests" tests="1" time="0.528" timestamp="2009-04-18T15:06:41">
  <properties />
  <testcase classname="CubanSeaTagLibTests" name="testTermHighlighter" time="0.528" />
  <system-out><![CDATA[--Output from testTermHighlighter--
]]></system-out>
  <system-err><![CDATA[--Output from testTermHighlighter--
]]></system-err>
</testsuite>
