<?xml version="1.0" encoding="UTF-8" ?>
<testsuite errors="0" failures="0" hostname="mtilsner-laptop" name="TopicColorTests" tests="1" time="0.0070" timestamp="2009-04-18T15:06:43">
  <properties />
  <testcase classname="TopicColorTests" name="testSomething" time="0.0070" />
  <system-out><![CDATA[--Output from testSomething--
]]></system-out>
  <system-err><![CDATA[--Output from testSomething--
]]></system-err>
</testsuite>
